<?xml version="1.0" encoding="UTF-8"?>
<!-- Generated by org.testng.reporters.JUnitReportReporter -->
<testsuite hostname="BG-ADN-BVPGSG3" failures="0" tests="2" name="testCases.TestNG" time="40.965" errors="0" timestamp="2024-10-18T12:38:44 MESZ" skipped="0">
  <testcase classname="testCases.TestNG" name="Login" time="3.512">
    <system-out>
      <![CDATA[<br><img src='C:\Users\karpovchanski\IdeaProjects\TrainingProject/Screenshots/3PFfPVF.png'height = '400' width='600'/><br>
Logged on successfully]]>
    </system-out>
  </testcase> <!-- Login -->
  <testcase classname="testCases.TestNG" name="AddNewEmployee" time="37.453"/>
  <system-out>
    <![CDATA[<br><img src='C:\Users\karpovchanski\IdeaProjects\TrainingProject/Screenshots/dQ1NpO2.png'height = '400' width='600'/><br>
<br><img src='C:\Users\karpovchanski\IdeaProjects\TrainingProject/Screenshots/3PFfPVF.png'height = '400' width='600'/><br>
Logged on successfully]]>
  </system-out>
</testsuite> <!-- testCases.TestNG -->
